#
# There is insufficient memory for the Java Runtime Environment to continue.
# Native memory allocation (malloc) failed to allocate 32744 bytes for Chunk::new
# Possible reasons:
#   The system is out of physical RAM or swap space
#   The process is running with CompressedOops enabled, and the Java Heap may be blocking the growth of the native heap
# Possible solutions:
#   Reduce memory load on the system
#   Increase physical memory or swap space
#   Check if swap backing store is full
#   Decrease Java heap size (-Xmx/-Xms)
#   Decrease number of Java threads
#   Decrease Java thread stack sizes (-Xss)
#   Set larger code cache with -XX:ReservedCodeCacheSize=
#   JVM is running with Unscaled Compressed Oops mode in which the Java heap is
#     placed in the first 4GB address space. The Java Heap base address is the
#     maximum limit for the native heap growth. Please use -XX:HeapBaseMinAddress
#     to set the Java Heap base and to place the Java Heap above 4GB virtual address.
# This output file may be truncated or incomplete.
#
#  Out of Memory Error (arena.cpp:168), pid=6532, tid=33440
#
# JRE version: Java(TM) SE Runtime Environment (21.0.1+12) (build 21.0.1+12-LTS-29)
# Java VM: Java HotSpot(TM) 64-Bit Server VM (21.0.1+12-LTS-29, mixed mode, sharing, tiered, compressed oops, compressed class ptrs, g1 gc, windows-amd64)
# No core dump will be written. Minidumps are not enabled by default on client versions of Windows
#

---------------  S U M M A R Y ------------

Command Line: --enable-preview -Dorg.jetbrains.run.directory=C:\Users\sarab\OneDrive\Masaüstü\Batches\Cucumber-Project\Qoyod-test_demo_project\src\test\resources\features -javaagent:C:\Program Files\JetBrains\IntelliJ IDEA Community Edition 2022.3.3\lib\idea_rt.jar=52433:C:\Program Files\JetBrains\IntelliJ IDEA Community Edition 2022.3.3\bin -Dfile.encoding=UTF-8 -Dsun.stdout.encoding=UTF-8 -Dsun.stderr.encoding=UTF-8 io.cucumber.core.cli.Main --plugin org.jetbrains.plugins.cucumber.java.run.CucumberJvm5SMFormatter --name ^As a user I should be able to create account$ --glue stepdefinitions C:/Users/sarab/OneDrive/Masaüstü/Batches/Cucumber-Project/Qoyod-test_demo_project/src/test/resources/features/createaccount.feature

Host: 11th Gen Intel(R) Core(TM) i5-1135G7 @ 2.40GHz, 8 cores, 7G,  Windows 11 , 64 bit Build 22621 (10.0.22621.3672)
Time: Fri Jul 19 17:36:05 2024 Türkiye Standart Saati elapsed time: 13.293783 seconds (0d 0h 0m 13s)

---------------  T H R E A D  ---------------

Current thread (0x0000017f3054a570):  JavaThread "C2 CompilerThread0" daemon [_thread_in_native, id=33440, stack(0x0000001551500000,0x0000001551600000) (1024K)]


Current CompileTask:
C2:  13293 2771       4       sun.invoke.util.VerifyAccess::isSamePackage (37 bytes)

Stack: [0x0000001551500000,0x0000001551600000]
Native frames: (J=compiled Java code, j=interpreted, Vv=VM code, C=native code)
V  [jvm.dll+0x6c9029]
V  [jvm.dll+0x854b81]
V  [jvm.dll+0x856e5e]
V  [jvm.dll+0x857543]
V  [jvm.dll+0x280c06]
V  [jvm.dll+0xc3ead]
V  [jvm.dll+0xc43c3]
V  [jvm.dll+0x6a498d]
V  [jvm.dll+0x393a53]
V  [jvm.dll+0x39147e]
V  [jvm.dll+0x1cd9b4]
V  [jvm.dll+0x2f3152]
V  [jvm.dll+0x6e3524]
V  [jvm.dll+0x6db7d6]
V  [jvm.dll+0x6dac6e]
V  [jvm.dll+0x6d8e8c]
V  [jvm.dll+0x1ccefc]
V  [jvm.dll+0x1cdaaa]
V  [jvm.dll+0x2f3152]
V  [jvm.dll+0x6e3524]
V  [jvm.dll+0x6db7d6]
V  [jvm.dll+0x6dac6e]
V  [jvm.dll+0x6d8e8c]
V  [jvm.dll+0x1ccefc]
V  [jvm.dll+0x1cdaaa]
V  [jvm.dll+0x2f3152]
V  [jvm.dll+0x6e3524]
V  [jvm.dll+0x6db7d6]
V  [jvm.dll+0x6dac6e]
V  [jvm.dll+0x6d8e8c]
V  [jvm.dll+0x1ccefc]
V  [jvm.dll+0x248c3d]
V  [jvm.dll+0x1c9ca1]
V  [jvm.dll+0x2586b9]
V  [jvm.dll+0x256c9a]
V  [jvm.dll+0x3ef1b6]
V  [jvm.dll+0x7fd728]
V  [jvm.dll+0x6c777d]
C  [ucrtbase.dll+0x29333]
C  [KERNEL32.DLL+0x1257d]
C  [ntdll.dll+0x5af28]


---------------  P R O C E S S  ---------------

Threads class SMR info:
_java_thread_list=0x0000017f76fc1df0, length=25, elements={
0x0000017f11d2b290, 0x0000017f3052f910, 0x0000017f30530630, 0x0000017f30532ba0,
0x0000017f30533600, 0x0000017f30534060, 0x0000017f30534ac0, 0x0000017f3054a570,
0x0000017f3054d150, 0x0000017f304faba0, 0x0000017f30a02210, 0x0000017f30a7f2b0,
0x0000017f76be9df0, 0x0000017f76da1550, 0x0000017f76c8b320, 0x0000017f76c8bd90,
0x0000017f76c94470, 0x0000017f76ca9c90, 0x0000017f76ca27f0, 0x0000017f76ca4230,
0x0000017f76ca2e80, 0x0000017f76ca3510, 0x0000017f76ca1ad0, 0x0000017f76ca48c0,
0x0000017f76ca2160
}

Java Threads: ( => current thread )
  0x0000017f11d2b290 JavaThread "main"                              [_thread_in_native, id=49532, stack(0x0000001550700000,0x0000001550800000) (1024K)]
  0x0000017f3052f910 JavaThread "Reference Handler"          daemon [_thread_blocked, id=15540, stack(0x0000001550f00000,0x0000001551000000) (1024K)]
  0x0000017f30530630 JavaThread "Finalizer"                  daemon [_thread_blocked, id=29476, stack(0x0000001551000000,0x0000001551100000) (1024K)]
  0x0000017f30532ba0 JavaThread "Signal Dispatcher"          daemon [_thread_blocked, id=24124, stack(0x0000001551100000,0x0000001551200000) (1024K)]
  0x0000017f30533600 JavaThread "Attach Listener"            daemon [_thread_blocked, id=46624, stack(0x0000001551200000,0x0000001551300000) (1024K)]
  0x0000017f30534060 JavaThread "Service Thread"             daemon [_thread_blocked, id=33844, stack(0x0000001551300000,0x0000001551400000) (1024K)]
  0x0000017f30534ac0 JavaThread "Monitor Deflation Thread"   daemon [_thread_blocked, id=3160, stack(0x0000001551400000,0x0000001551500000) (1024K)]
=>0x0000017f3054a570 JavaThread "C2 CompilerThread0"         daemon [_thread_in_native, id=33440, stack(0x0000001551500000,0x0000001551600000) (1024K)]
  0x0000017f3054d150 JavaThread "C1 CompilerThread0"         daemon [_thread_in_native, id=43652, stack(0x0000001551600000,0x0000001551700000) (1024K)]
  0x0000017f304faba0 JavaThread "Common-Cleaner"             daemon [_thread_blocked, id=49056, stack(0x0000001551700000,0x0000001551800000) (1024K)]
  0x0000017f30a02210 JavaThread "Monitor Ctrl-Break"         daemon [_thread_in_native, id=40436, stack(0x0000001551800000,0x0000001551900000) (1024K)]
  0x0000017f30a7f2b0 JavaThread "Notification Thread"        daemon [_thread_blocked, id=28076, stack(0x0000001551900000,0x0000001551a00000) (1024K)]
  0x0000017f76be9df0 JavaThread "ForkJoinPool.commonPool-worker-1" daemon [_thread_blocked, id=49624, stack(0x0000001552100000,0x0000001552200000) (1024K)]
  0x0000017f76da1550 JavaThread "HttpClient-1-SelectorManager" daemon [_thread_in_native, id=49640, stack(0x0000001552200000,0x0000001552300000) (1024K)]
  0x0000017f76c8b320 JavaThread "External Process Output Forwarder - C:\Users\sarab\.cache\selenium\chromedriver\win64\126.0.6478.182\chromedriver.exe"        [_thread_in_native, id=21192, stack(0x0000001552300000,0x0000001552400000) (1024K)]
  0x0000017f76c8bd90 JavaThread "Driver Service Executor"    daemon [_thread_blocked, id=21196, stack(0x0000001552400000,0x0000001552500000) (1024K)]
  0x0000017f76c94470 JavaThread "Driver Service Executor"    daemon [_thread_in_native, id=38796, stack(0x0000001552500000,0x0000001552600000) (1024K)]
  0x0000017f76ca9c90 JavaThread "UrlChecker-2"               daemon [_thread_blocked, id=28756, stack(0x0000001552600000,0x0000001552700000) (1024K)]
  0x0000017f76ca27f0 JavaThread "pool-1-thread-1"                   [_thread_blocked, id=44456, stack(0x0000001552900000,0x0000001552a00000) (1024K)]
  0x0000017f76ca4230 JavaThread "pool-1-thread-2"                   [_thread_blocked, id=24536, stack(0x0000001552a00000,0x0000001552b00000) (1024K)]
  0x0000017f76ca2e80 JavaThread "pool-1-thread-3"                   [_thread_blocked, id=1224, stack(0x0000001552b00000,0x0000001552c00000) (1024K)]
  0x0000017f76ca3510 JavaThread "HttpClient-2-SelectorManager" daemon [_thread_in_native, id=44268, stack(0x0000001552c00000,0x0000001552d00000) (1024K)]
  0x0000017f76ca1ad0 JavaThread "pool-2-thread-1"                   [_thread_blocked, id=48416, stack(0x0000001552d00000,0x0000001552e00000) (1024K)]
  0x0000017f76ca48c0 JavaThread "pool-2-thread-2"                   [_thread_blocked, id=22008, stack(0x0000001552e00000,0x0000001552f00000) (1024K)]
  0x0000017f76ca2160 JavaThread "pool-2-thread-3"                   [_thread_blocked, id=4896, stack(0x0000001552f00000,0x0000001553000000) (1024K)]
Total: 25

Other Threads:
  0x0000017f30511620 VMThread "VM Thread"                           [id=36384, stack(0x0000001550e00000,0x0000001550f00000) (1024K)]
  0x0000017f304fa0c0 WatcherThread "VM Periodic Task Thread"        [id=37180, stack(0x0000001550d00000,0x0000001550e00000) (1024K)]
  0x0000017f11d82c20 WorkerThread "GC Thread#0"                     [id=49536, stack(0x0000001550800000,0x0000001550900000) (1024K)]
  0x0000017f76b0d0b0 WorkerThread "GC Thread#1"                     [id=49616, stack(0x0000001551a00000,0x0000001551b00000) (1024K)]
  0x0000017f76b70a20 WorkerThread "GC Thread#2"                     [id=45044, stack(0x0000001551b00000,0x0000001551c00000) (1024K)]
  0x0000017f76b70dc0 WorkerThread "GC Thread#3"                     [id=39548, stack(0x0000001551c00000,0x0000001551d00000) (1024K)]
  0x0000017f76b71160 WorkerThread "GC Thread#4"                     [id=46044, stack(0x0000001551d00000,0x0000001551e00000) (1024K)]
  0x0000017f76b71500 WorkerThread "GC Thread#5"                     [id=49424, stack(0x0000001551e00000,0x0000001551f00000) (1024K)]
  0x0000017f76b718a0 WorkerThread "GC Thread#6"                     [id=6748, stack(0x0000001551f00000,0x0000001552000000) (1024K)]
  0x0000017f76b71c40 WorkerThread "GC Thread#7"                     [id=10864, stack(0x0000001552000000,0x0000001552100000) (1024K)]
  0x0000017f11d94c90 ConcurrentGCThread "G1 Main Marker"            [id=48564, stack(0x0000001550900000,0x0000001550a00000) (1024K)]
  0x0000017f11d95e30 WorkerThread "G1 Conc#0"                       [id=36732, stack(0x0000001550a00000,0x0000001550b00000) (1024K)]
  0x0000017f11dde540 ConcurrentGCThread "G1 Refine#0"               [id=29528, stack(0x0000001550b00000,0x0000001550c00000) (1024K)]
  0x0000017f303ca530 ConcurrentGCThread "G1 Service"                [id=37032, stack(0x0000001550c00000,0x0000001550d00000) (1024K)]
Total: 14

Threads with active compile tasks:
C2 CompilerThread0    13328 2771       4       sun.invoke.util.VerifyAccess::isSamePackage (37 bytes)
C1 CompilerThread0    13328 2790   !   3       java.lang.StringLatin1::replace (291 bytes)
Total: 2

VM state: not at safepoint (normal execution)

VM Mutex/Monitor currently owned by a thread: None

Heap address: 0x0000000084200000, size: 1982 MB, Compressed Oops mode: 32-bit

CDS archive(s) mapped at: [0x0000017f31000000-0x0000017f31c90000-0x0000017f31c90000), size 13172736, SharedBaseAddress: 0x0000017f31000000, ArchiveRelocationMode: 1.
Compressed class space mapped at: 0x0000017f32000000-0x0000017f72000000, reserved size: 1073741824
Narrow klass base: 0x0000017f31000000, Narrow klass shift: 0, Narrow klass range: 0x100000000

GC Precious Log:
 CardTable entry size: 512
 Card Set container configuration: InlinePtr #cards 5 size 8 Array Of Cards #cards 12 size 40 Howl #buckets 4 coarsen threshold 1843 Howl Bitmap #cards 512 size 80 coarsen threshold 460 Card regions per heap region 1 cards per card region 2048
 CPUs: 8 total, 8 available
 Memory: 7926M
 Large Page Support: Disabled
 NUMA Support: Disabled
 Compressed Oops: Enabled (32-bit)
 Heap Region Size: 1M
 Heap Min Capacity: 8M
 Heap Initial Capacity: 124M
 Heap Max Capacity: 1982M
 Pre-touch: Disabled
 Parallel Workers: 8
 Concurrent Workers: 2
 Concurrent Refinement Workers: 8
 Periodic GC: Disabled

Heap:
 garbage-first heap   total 126976K, used 32339K [0x0000000084200000, 0x0000000100000000)
  region size 1024K, 26 young (26624K), 4 survivors (4096K)
 Metaspace       used 19078K, committed 19456K, reserved 1114112K
  class space    used 2426K, committed 2624K, reserved 1048576K

Heap Regions: E=young(eden), S=young(survivor), O=old, HS=humongous(starts), HC=humongous(continues), CS=collection set, F=free, TAMS=top-at-mark-start, PB=parsable bottom
|   0|0x0000000084200000, 0x0000000084300000, 0x0000000084300000|100%| O|  |TAMS 0x0000000084200000| PB 0x0000000084200000| Untracked 
|   1|0x0000000084300000, 0x0000000084400000, 0x0000000084400000|100%| O|  |TAMS 0x0000000084300000| PB 0x0000000084300000| Untracked 
|   2|0x0000000084400000, 0x0000000084500000, 0x0000000084500000|100%| O|  |TAMS 0x0000000084400000| PB 0x0000000084400000| Untracked 
|   3|0x0000000084500000, 0x0000000084600000, 0x0000000084600000|100%| O|  |TAMS 0x0000000084500000| PB 0x0000000084500000| Untracked 
|   4|0x0000000084600000, 0x0000000084700000, 0x0000000084700000|100%| O|  |TAMS 0x0000000084600000| PB 0x0000000084600000| Untracked 
|   5|0x0000000084700000, 0x0000000084800000, 0x0000000084800000|100%| O|  |TAMS 0x0000000084700000| PB 0x0000000084700000| Untracked 
|   6|0x0000000084800000, 0x0000000084894c60, 0x0000000084900000| 58%| O|  |TAMS 0x0000000084800000| PB 0x0000000084800000| Untracked 
|   7|0x0000000084900000, 0x0000000084900000, 0x0000000084a00000|  0%| F|  |TAMS 0x0000000084900000| PB 0x0000000084900000| Untracked 
|   8|0x0000000084a00000, 0x0000000084a00000, 0x0000000084b00000|  0%| F|  |TAMS 0x0000000084a00000| PB 0x0000000084a00000| Untracked 
|   9|0x0000000084b00000, 0x0000000084b00000, 0x0000000084c00000|  0%| F|  |TAMS 0x0000000084b00000| PB 0x0000000084b00000| Untracked 
|  10|0x0000000084c00000, 0x0000000084c00000, 0x0000000084d00000|  0%| F|  |TAMS 0x0000000084c00000| PB 0x0000000084c00000| Untracked 
|  11|0x0000000084d00000, 0x0000000084d00000, 0x0000000084e00000|  0%| F|  |TAMS 0x0000000084d00000| PB 0x0000000084d00000| Untracked 
|  12|0x0000000084e00000, 0x0000000084e00000, 0x0000000084f00000|  0%| F|  |TAMS 0x0000000084e00000| PB 0x0000000084e00000| Untracked 
|  13|0x0000000084f00000, 0x0000000084f00000, 0x0000000085000000|  0%| F|  |TAMS 0x0000000084f00000| PB 0x0000000084f00000| Untracked 
|  14|0x0000000085000000, 0x0000000085000000, 0x0000000085100000|  0%| F|  |TAMS 0x0000000085000000| PB 0x0000000085000000| Untracked 
|  15|0x0000000085100000, 0x0000000085100000, 0x0000000085200000|  0%| F|  |TAMS 0x0000000085100000| PB 0x0000000085100000| Untracked 
|  16|0x0000000085200000, 0x0000000085200000, 0x0000000085300000|  0%| F|  |TAMS 0x0000000085200000| PB 0x0000000085200000| Untracked 
|  17|0x0000000085300000, 0x0000000085300000, 0x0000000085400000|  0%| F|  |TAMS 0x0000000085300000| PB 0x0000000085300000| Untracked 
|  18|0x0000000085400000, 0x0000000085400000, 0x0000000085500000|  0%| F|  |TAMS 0x0000000085400000| PB 0x0000000085400000| Untracked 
|  19|0x0000000085500000, 0x0000000085500000, 0x0000000085600000|  0%| F|  |TAMS 0x0000000085500000| PB 0x0000000085500000| Untracked 
|  20|0x0000000085600000, 0x0000000085600000, 0x0000000085700000|  0%| F|  |TAMS 0x0000000085600000| PB 0x0000000085600000| Untracked 
|  21|0x0000000085700000, 0x0000000085700000, 0x0000000085800000|  0%| F|  |TAMS 0x0000000085700000| PB 0x0000000085700000| Untracked 
|  22|0x0000000085800000, 0x0000000085800000, 0x0000000085900000|  0%| F|  |TAMS 0x0000000085800000| PB 0x0000000085800000| Untracked 
|  23|0x0000000085900000, 0x0000000085900000, 0x0000000085a00000|  0%| F|  |TAMS 0x0000000085900000| PB 0x0000000085900000| Untracked 
|  24|0x0000000085a00000, 0x0000000085a00000, 0x0000000085b00000|  0%| F|  |TAMS 0x0000000085a00000| PB 0x0000000085a00000| Untracked 
|  25|0x0000000085b00000, 0x0000000085b00000, 0x0000000085c00000|  0%| F|  |TAMS 0x0000000085b00000| PB 0x0000000085b00000| Untracked 
|  26|0x0000000085c00000, 0x0000000085c00000, 0x0000000085d00000|  0%| F|  |TAMS 0x0000000085c00000| PB 0x0000000085c00000| Untracked 
|  27|0x0000000085d00000, 0x0000000085d00000, 0x0000000085e00000|  0%| F|  |TAMS 0x0000000085d00000| PB 0x0000000085d00000| Untracked 
|  28|0x0000000085e00000, 0x0000000085e00000, 0x0000000085f00000|  0%| F|  |TAMS 0x0000000085e00000| PB 0x0000000085e00000| Untracked 
|  29|0x0000000085f00000, 0x0000000085f00000, 0x0000000086000000|  0%| F|  |TAMS 0x0000000085f00000| PB 0x0000000085f00000| Untracked 
|  30|0x0000000086000000, 0x0000000086000000, 0x0000000086100000|  0%| F|  |TAMS 0x0000000086000000| PB 0x0000000086000000| Untracked 
|  31|0x0000000086100000, 0x0000000086100000, 0x0000000086200000|  0%| F|  |TAMS 0x0000000086100000| PB 0x0000000086100000| Untracked 
|  32|0x0000000086200000, 0x0000000086200000, 0x0000000086300000|  0%| F|  |TAMS 0x0000000086200000| PB 0x0000000086200000| Untracked 
|  33|0x0000000086300000, 0x0000000086300000, 0x0000000086400000|  0%| F|  |TAMS 0x0000000086300000| PB 0x0000000086300000| Untracked 
|  34|0x0000000086400000, 0x0000000086400000, 0x0000000086500000|  0%| F|  |TAMS 0x0000000086400000| PB 0x0000000086400000| Untracked 
|  35|0x0000000086500000, 0x0000000086500000, 0x0000000086600000|  0%| F|  |TAMS 0x0000000086500000| PB 0x0000000086500000| Untracked 
|  36|0x0000000086600000, 0x0000000086600000, 0x0000000086700000|  0%| F|  |TAMS 0x0000000086600000| PB 0x0000000086600000| Untracked 
|  37|0x0000000086700000, 0x0000000086700000, 0x0000000086800000|  0%| F|  |TAMS 0x0000000086700000| PB 0x0000000086700000| Untracked 
|  38|0x0000000086800000, 0x0000000086800000, 0x0000000086900000|  0%| F|  |TAMS 0x0000000086800000| PB 0x0000000086800000| Untracked 
|  39|0x0000000086900000, 0x0000000086900000, 0x0000000086a00000|  0%| F|  |TAMS 0x0000000086900000| PB 0x0000000086900000| Untracked 
|  40|0x0000000086a00000, 0x0000000086a00000, 0x0000000086b00000|  0%| F|  |TAMS 0x0000000086a00000| PB 0x0000000086a00000| Untracked 
|  41|0x0000000086b00000, 0x0000000086b00000, 0x0000000086c00000|  0%| F|  |TAMS 0x0000000086b00000| PB 0x0000000086b00000| Untracked 
|  42|0x0000000086c00000, 0x0000000086c00000, 0x0000000086d00000|  0%| F|  |TAMS 0x0000000086c00000| PB 0x0000000086c00000| Untracked 
|  43|0x0000000086d00000, 0x0000000086d00000, 0x0000000086e00000|  0%| F|  |TAMS 0x0000000086d00000| PB 0x0000000086d00000| Untracked 
|  44|0x0000000086e00000, 0x0000000086e00000, 0x0000000086f00000|  0%| F|  |TAMS 0x0000000086e00000| PB 0x0000000086e00000| Untracked 
|  45|0x0000000086f00000, 0x0000000086f00000, 0x0000000087000000|  0%| F|  |TAMS 0x0000000086f00000| PB 0x0000000086f00000| Untracked 
|  46|0x0000000087000000, 0x0000000087000000, 0x0000000087100000|  0%| F|  |TAMS 0x0000000087000000| PB 0x0000000087000000| Untracked 
|  47|0x0000000087100000, 0x0000000087100000, 0x0000000087200000|  0%| F|  |TAMS 0x0000000087100000| PB 0x0000000087100000| Untracked 
|  48|0x0000000087200000, 0x0000000087200000, 0x0000000087300000|  0%| F|  |TAMS 0x0000000087200000| PB 0x0000000087200000| Untracked 
|  49|0x0000000087300000, 0x0000000087300000, 0x0000000087400000|  0%| F|  |TAMS 0x0000000087300000| PB 0x0000000087300000| Untracked 
|  50|0x0000000087400000, 0x0000000087400000, 0x0000000087500000|  0%| F|  |TAMS 0x0000000087400000| PB 0x0000000087400000| Untracked 
|  51|0x0000000087500000, 0x0000000087500000, 0x0000000087600000|  0%| F|  |TAMS 0x0000000087500000| PB 0x0000000087500000| Untracked 
|  52|0x0000000087600000, 0x0000000087600000, 0x0000000087700000|  0%| F|  |TAMS 0x0000000087600000| PB 0x0000000087600000| Untracked 
|  53|0x0000000087700000, 0x0000000087700000, 0x0000000087800000|  0%| F|  |TAMS 0x0000000087700000| PB 0x0000000087700000| Untracked 
|  54|0x0000000087800000, 0x0000000087800000, 0x0000000087900000|  0%| F|  |TAMS 0x0000000087800000| PB 0x0000000087800000| Untracked 
|  55|0x0000000087900000, 0x0000000087900000, 0x0000000087a00000|  0%| F|  |TAMS 0x0000000087900000| PB 0x0000000087900000| Untracked 
|  56|0x0000000087a00000, 0x0000000087a00000, 0x0000000087b00000|  0%| F|  |TAMS 0x0000000087a00000| PB 0x0000000087a00000| Untracked 
|  57|0x0000000087b00000, 0x0000000087b00000, 0x0000000087c00000|  0%| F|  |TAMS 0x0000000087b00000| PB 0x0000000087b00000| Untracked 
|  58|0x0000000087c00000, 0x0000000087c00000, 0x0000000087d00000|  0%| F|  |TAMS 0x0000000087c00000| PB 0x0000000087c00000| Untracked 
|  59|0x0000000087d00000, 0x0000000087d00000, 0x0000000087e00000|  0%| F|  |TAMS 0x0000000087d00000| PB 0x0000000087d00000| Untracked 
|  60|0x0000000087e00000, 0x0000000087e00000, 0x0000000087f00000|  0%| F|  |TAMS 0x0000000087e00000| PB 0x0000000087e00000| Untracked 
|  61|0x0000000087f00000, 0x0000000087f00000, 0x0000000088000000|  0%| F|  |TAMS 0x0000000087f00000| PB 0x0000000087f00000| Untracked 
|  62|0x0000000088000000, 0x0000000088000000, 0x0000000088100000|  0%| F|  |TAMS 0x0000000088000000| PB 0x0000000088000000| Untracked 
|  63|0x0000000088100000, 0x0000000088100000, 0x0000000088200000|  0%| F|  |TAMS 0x0000000088100000| PB 0x0000000088100000| Untracked 
|  64|0x0000000088200000, 0x0000000088200000, 0x0000000088300000|  0%| F|  |TAMS 0x0000000088200000| PB 0x0000000088200000| Untracked 
|  65|0x0000000088300000, 0x0000000088300000, 0x0000000088400000|  0%| F|  |TAMS 0x0000000088300000| PB 0x0000000088300000| Untracked 
|  66|0x0000000088400000, 0x0000000088400000, 0x0000000088500000|  0%| F|  |TAMS 0x0000000088400000| PB 0x0000000088400000| Untracked 
|  67|0x0000000088500000, 0x0000000088500000, 0x0000000088600000|  0%| F|  |TAMS 0x0000000088500000| PB 0x0000000088500000| Untracked 
|  68|0x0000000088600000, 0x0000000088600000, 0x0000000088700000|  0%| F|  |TAMS 0x0000000088600000| PB 0x0000000088600000| Untracked 
|  69|0x0000000088700000, 0x0000000088700000, 0x0000000088800000|  0%| F|  |TAMS 0x0000000088700000| PB 0x0000000088700000| Untracked 
|  70|0x0000000088800000, 0x0000000088800000, 0x0000000088900000|  0%| F|  |TAMS 0x0000000088800000| PB 0x0000000088800000| Untracked 
|  71|0x0000000088900000, 0x0000000088900000, 0x0000000088a00000|  0%| F|  |TAMS 0x0000000088900000| PB 0x0000000088900000| Untracked 
|  72|0x0000000088a00000, 0x0000000088a00000, 0x0000000088b00000|  0%| F|  |TAMS 0x0000000088a00000| PB 0x0000000088a00000| Untracked 
|  73|0x0000000088b00000, 0x0000000088b00000, 0x0000000088c00000|  0%| F|  |TAMS 0x0000000088b00000| PB 0x0000000088b00000| Untracked 
|  74|0x0000000088c00000, 0x0000000088c00000, 0x0000000088d00000|  0%| F|  |TAMS 0x0000000088c00000| PB 0x0000000088c00000| Untracked 
|  75|0x0000000088d00000, 0x0000000088d00000, 0x0000000088e00000|  0%| F|  |TAMS 0x0000000088d00000| PB 0x0000000088d00000| Untracked 
|  76|0x0000000088e00000, 0x0000000088e00000, 0x0000000088f00000|  0%| F|  |TAMS 0x0000000088e00000| PB 0x0000000088e00000| Untracked 
|  77|0x0000000088f00000, 0x0000000088f00000, 0x0000000089000000|  0%| F|  |TAMS 0x0000000088f00000| PB 0x0000000088f00000| Untracked 
|  78|0x0000000089000000, 0x0000000089000000, 0x0000000089100000|  0%| F|  |TAMS 0x0000000089000000| PB 0x0000000089000000| Untracked 
|  79|0x0000000089100000, 0x0000000089100000, 0x0000000089200000|  0%| F|  |TAMS 0x0000000089100000| PB 0x0000000089100000| Untracked 
|  80|0x0000000089200000, 0x0000000089200000, 0x0000000089300000|  0%| F|  |TAMS 0x0000000089200000| PB 0x0000000089200000| Untracked 
|  81|0x0000000089300000, 0x0000000089300000, 0x0000000089400000|  0%| F|  |TAMS 0x0000000089300000| PB 0x0000000089300000| Untracked 
|  82|0x0000000089400000, 0x0000000089400000, 0x0000000089500000|  0%| F|  |TAMS 0x0000000089400000| PB 0x0000000089400000| Untracked 
|  83|0x0000000089500000, 0x0000000089500000, 0x0000000089600000|  0%| F|  |TAMS 0x0000000089500000| PB 0x0000000089500000| Untracked 
|  84|0x0000000089600000, 0x0000000089600000, 0x0000000089700000|  0%| F|  |TAMS 0x0000000089600000| PB 0x0000000089600000| Untracked 
|  85|0x0000000089700000, 0x0000000089700000, 0x0000000089800000|  0%| F|  |TAMS 0x0000000089700000| PB 0x0000000089700000| Untracked 
|  86|0x0000000089800000, 0x0000000089800000, 0x0000000089900000|  0%| F|  |TAMS 0x0000000089800000| PB 0x0000000089800000| Untracked 
|  87|0x0000000089900000, 0x0000000089900000, 0x0000000089a00000|  0%| F|  |TAMS 0x0000000089900000| PB 0x0000000089900000| Untracked 
|  88|0x0000000089a00000, 0x0000000089a00000, 0x0000000089b00000|  0%| F|  |TAMS 0x0000000089a00000| PB 0x0000000089a00000| Untracked 
|  89|0x0000000089b00000, 0x0000000089b00000, 0x0000000089c00000|  0%| F|  |TAMS 0x0000000089b00000| PB 0x0000000089b00000| Untracked 
|  90|0x0000000089c00000, 0x0000000089d00000, 0x0000000089d00000|100%| S|CS|TAMS 0x0000000089c00000| PB 0x0000000089c00000| Complete 
|  91|0x0000000089d00000, 0x0000000089e00000, 0x0000000089e00000|100%| S|CS|TAMS 0x0000000089d00000| PB 0x0000000089d00000| Complete 
|  92|0x0000000089e00000, 0x0000000089f00000, 0x0000000089f00000|100%| S|CS|TAMS 0x0000000089e00000| PB 0x0000000089e00000| Complete 
|  93|0x0000000089f00000, 0x000000008a000000, 0x000000008a000000|100%| S|CS|TAMS 0x0000000089f00000| PB 0x0000000089f00000| Complete 
|  94|0x000000008a000000, 0x000000008a000000, 0x000000008a100000|  0%| F|  |TAMS 0x000000008a000000| PB 0x000000008a000000| Untracked 
|  95|0x000000008a100000, 0x000000008a100000, 0x000000008a200000|  0%| F|  |TAMS 0x000000008a100000| PB 0x000000008a100000| Untracked 
|  96|0x000000008a200000, 0x000000008a200000, 0x000000008a300000|  0%| F|  |TAMS 0x000000008a200000| PB 0x000000008a200000| Untracked 
|  97|0x000000008a300000, 0x000000008a300000, 0x000000008a400000|  0%| F|  |TAMS 0x000000008a300000| PB 0x000000008a300000| Untracked 
|  98|0x000000008a400000, 0x000000008a400000, 0x000000008a500000|  0%| F|  |TAMS 0x000000008a400000| PB 0x000000008a400000| Untracked 
|  99|0x000000008a500000, 0x000000008a500000, 0x000000008a600000|  0%| F|  |TAMS 0x000000008a500000| PB 0x000000008a500000| Untracked 
| 100|0x000000008a600000, 0x000000008a600000, 0x000000008a700000|  0%| F|  |TAMS 0x000000008a600000| PB 0x000000008a600000| Untracked 
| 101|0x000000008a700000, 0x000000008a700000, 0x000000008a800000|  0%| F|  |TAMS 0x000000008a700000| PB 0x000000008a700000| Untracked 
| 102|0x000000008a800000, 0x000000008a8f0b10, 0x000000008a900000| 94%| E|  |TAMS 0x000000008a800000| PB 0x000000008a800000| Complete 
| 103|0x000000008a900000, 0x000000008aa00000, 0x000000008aa00000|100%| E|CS|TAMS 0x000000008a900000| PB 0x000000008a900000| Complete 
| 104|0x000000008aa00000, 0x000000008ab00000, 0x000000008ab00000|100%| E|CS|TAMS 0x000000008aa00000| PB 0x000000008aa00000| Complete 
| 105|0x000000008ab00000, 0x000000008ac00000, 0x000000008ac00000|100%| E|CS|TAMS 0x000000008ab00000| PB 0x000000008ab00000| Complete 
| 106|0x000000008ac00000, 0x000000008ad00000, 0x000000008ad00000|100%| E|CS|TAMS 0x000000008ac00000| PB 0x000000008ac00000| Complete 
| 107|0x000000008ad00000, 0x000000008ae00000, 0x000000008ae00000|100%| E|CS|TAMS 0x000000008ad00000| PB 0x000000008ad00000| Complete 
| 108|0x000000008ae00000, 0x000000008af00000, 0x000000008af00000|100%| E|CS|TAMS 0x000000008ae00000| PB 0x000000008ae00000| Complete 
| 109|0x000000008af00000, 0x000000008b000000, 0x000000008b000000|100%| E|CS|TAMS 0x000000008af00000| PB 0x000000008af00000| Complete 
| 110|0x000000008b000000, 0x000000008b100000, 0x000000008b100000|100%| E|CS|TAMS 0x000000008b000000| PB 0x000000008b000000| Complete 
| 111|0x000000008b100000, 0x000000008b200000, 0x000000008b200000|100%| E|CS|TAMS 0x000000008b100000| PB 0x000000008b100000| Complete 
| 112|0x000000008b200000, 0x000000008b300000, 0x000000008b300000|100%| E|CS|TAMS 0x000000008b200000| PB 0x000000008b200000| Complete 
| 113|0x000000008b300000, 0x000000008b400000, 0x000000008b400000|100%| E|CS|TAMS 0x000000008b300000| PB 0x000000008b300000| Complete 
| 114|0x000000008b400000, 0x000000008b500000, 0x000000008b500000|100%| E|CS|TAMS 0x000000008b400000| PB 0x000000008b400000| Complete 
| 115|0x000000008b500000, 0x000000008b600000, 0x000000008b600000|100%| E|CS|TAMS 0x000000008b500000| PB 0x000000008b500000| Complete 
| 116|0x000000008b600000, 0x000000008b700000, 0x000000008b700000|100%| E|CS|TAMS 0x000000008b600000| PB 0x000000008b600000| Complete 
| 117|0x000000008b700000, 0x000000008b800000, 0x000000008b800000|100%| E|CS|TAMS 0x000000008b700000| PB 0x000000008b700000| Complete 
| 118|0x000000008b800000, 0x000000008b900000, 0x000000008b900000|100%| E|CS|TAMS 0x000000008b800000| PB 0x000000008b800000| Complete 
| 119|0x000000008b900000, 0x000000008ba00000, 0x000000008ba00000|100%| E|CS|TAMS 0x000000008b900000| PB 0x000000008b900000| Complete 
| 120|0x000000008ba00000, 0x000000008bb00000, 0x000000008bb00000|100%| E|CS|TAMS 0x000000008ba00000| PB 0x000000008ba00000| Complete 
| 121|0x000000008bb00000, 0x000000008bc00000, 0x000000008bc00000|100%| E|CS|TAMS 0x000000008bb00000| PB 0x000000008bb00000| Complete 
| 122|0x000000008bc00000, 0x000000008bd00000, 0x000000008bd00000|100%| E|CS|TAMS 0x000000008bc00000| PB 0x000000008bc00000| Complete 
| 123|0x000000008bd00000, 0x000000008be00000, 0x000000008be00000|100%| E|CS|TAMS 0x000000008bd00000| PB 0x000000008bd00000| Complete 

Card table byte_map: [0x0000017f2b790000,0x0000017f2bb70000] _byte_map_base: 0x0000017f2b36f000

Marking Bits: (CMBitMap*) 0x0000017f11d83a30
 Bits: [0x0000017f2bb70000, 0x0000017f2da68000)

Polling page: 0x0000017f11de0000

Metaspace:

Usage:
  Non-class:     16.26 MB used.
      Class:      2.37 MB used.
       Both:     18.63 MB used.

Virtual space:
  Non-class space:       64.00 MB reserved,      16.44 MB ( 26%) committed,  1 nodes.
      Class space:        1.00 GB reserved,       2.56 MB ( <1%) committed,  1 nodes.
             Both:        1.06 GB reserved,      19.00 MB (  2%) committed. 

Chunk freelists:
   Non-Class:  14.75 MB
       Class:  13.42 MB
        Both:  28.17 MB

MaxMetaspaceSize: unlimited
CompressedClassSpaceSize: 1.00 GB
Initial GC threshold: 21.00 MB
Current GC threshold: 21.00 MB
CDS: on
 - commit_granule_bytes: 65536.
 - commit_granule_words: 8192.
 - virtual_space_node_default_size: 8388608.
 - enlarge_chunks_in_place: 1.
 - use_allocation_guard: 0.


Internal statistics:

num_allocs_failed_limit: 0.
num_arena_births: 410.
num_arena_deaths: 0.
num_vsnodes_births: 2.
num_vsnodes_deaths: 0.
num_space_committed: 304.
num_space_uncommitted: 0.
num_chunks_returned_to_freelist: 0.
num_chunks_taken_from_freelist: 930.
num_chunk_merges: 0.
num_chunk_splits: 577.
num_chunks_enlarged: 374.
num_inconsistent_stats: 0.

CodeHeap 'non-profiled nmethods': size=120000Kb used=1085Kb max_used=1085Kb free=118914Kb
 bounds [0x0000017f23410000, 0x0000017f23680000, 0x0000017f2a940000]
CodeHeap 'profiled nmethods': size=120000Kb used=5161Kb max_used=5161Kb free=114838Kb
 bounds [0x0000017f1b940000, 0x0000017f1be50000, 0x0000017f22e70000]
CodeHeap 'non-nmethods': size=5760Kb used=1672Kb max_used=1704Kb free=4087Kb
 bounds [0x0000017f22e70000, 0x0000017f230e0000, 0x0000017f23410000]
 total_blobs=3359 nmethods=2782 adapters=481
 compilation: enabled
              stopped_count=0, restarted_count=0
 full_count=0

Compilation events (20 events):
Event: 10.400 Thread 0x0000017f3054d150 nmethod 2762 0x0000017f1be41c10 code [0x0000017f1be41e60, 0x0000017f1be427f8]
Event: 13.282 Thread 0x0000017f3054d150 2763   !   3       jdk.internal.net.http.common.SequentialScheduler$CompleteRestartableTask::run (19 bytes)
Event: 13.282 Thread 0x0000017f3054a570 2764       4       java.util.ArrayList$Itr::<init> (26 bytes)
Event: 13.282 Thread 0x0000017f3054d150 nmethod 2763 0x0000017f1be42b90 code [0x0000017f1be42d60, 0x0000017f1be43018]
Event: 13.282 Thread 0x0000017f3054d150 2765       3       java.util.concurrent.ForkJoinTask::casStatus (13 bytes)
Event: 13.282 Thread 0x0000017f3054d150 nmethod 2765 0x0000017f1be43190 code [0x0000017f1be43320, 0x0000017f1be43448]
Event: 13.282 Thread 0x0000017f3054d150 2766       3       jdk.internal.net.http.common.SequentialScheduler::isStopped (18 bytes)
Event: 13.283 Thread 0x0000017f3054d150 nmethod 2766 0x0000017f1be43510 code [0x0000017f1be436c0, 0x0000017f1be43850]
Event: 13.283 Thread 0x0000017f3054d150 2767       3       com.google.common.collect.UnmodifiableIterator::<init> (5 bytes)
Event: 13.283 Thread 0x0000017f3054d150 nmethod 2767 0x0000017f1be43910 code [0x0000017f1be43ac0, 0x0000017f1be43c28]
Event: 13.283 Thread 0x0000017f3054a570 nmethod 2764 0x0000017f2351df90 code [0x0000017f2351e120, 0x0000017f2351e2d0]
Event: 13.288 Thread 0x0000017f3054d150 2769       1       java.util.Collections$EmptySet::contains (2 bytes)
Event: 13.288 Thread 0x0000017f3054d150 nmethod 2769 0x0000017f2351e790 code [0x0000017f2351e920, 0x0000017f2351e9e8]
Event: 13.289 Thread 0x0000017f3054d150 2770       3       java.util.Collections$UnmodifiableMap$UnmodifiableEntrySet$UnmodifiableEntry::getValue (10 bytes)
Event: 13.289 Thread 0x0000017f3054a570 2771       4       sun.invoke.util.VerifyAccess::isSamePackage (37 bytes)
Event: 13.289 Thread 0x0000017f3054d150 nmethod 2770 0x0000017f1be43d10 code [0x0000017f1be43ec0, 0x0000017f1be44098]
Event: 13.290 Thread 0x0000017f3054d150 2772   !   3       java.lang.invoke.LambdaForm::compileToBytecode (164 bytes)
Event: 13.291 Thread 0x0000017f3054d150 nmethod 2772 0x0000017f1be44190 code [0x0000017f1be44400, 0x0000017f1be44d68]
Event: 13.291 Thread 0x0000017f3054d150 2773       3       java.lang.invoke.LambdaForm::methodType (48 bytes)
Event: 13.291 Thread 0x0000017f3054d150 nmethod 2773 0x0000017f1be45090 code [0x0000017f1be45280, 0x0000017f1be45878]

GC Heap History (4 events):
Event: 1.166 GC heap before
{Heap before GC invocations=0 (full 0):
 garbage-first heap   total 126976K, used 22528K [0x0000000084200000, 0x0000000100000000)
  region size 1024K, 23 young (23552K), 0 survivors (0K)
 Metaspace       used 6736K, committed 6976K, reserved 1114112K
  class space    used 864K, committed 960K, reserved 1048576K
}
Event: 1.175 GC heap after
{Heap after GC invocations=1 (full 0):
 garbage-first heap   total 126976K, used 6400K [0x0000000084200000, 0x0000000100000000)
  region size 1024K, 3 young (3072K), 3 survivors (3072K)
 Metaspace       used 6736K, committed 6976K, reserved 1114112K
  class space    used 864K, committed 960K, reserved 1048576K
}
Event: 5.620 GC heap before
{Heap before GC invocations=1 (full 0):
 garbage-first heap   total 126976K, used 33024K [0x0000000084200000, 0x0000000100000000)
  region size 1024K, 30 young (30720K), 3 survivors (3072K)
 Metaspace       used 17005K, committed 17408K, reserved 1114112K
  class space    used 2175K, committed 2368K, reserved 1048576K
}
Event: 5.631 GC heap after
{Heap after GC invocations=2 (full 0):
 garbage-first heap   total 126976K, used 10835K [0x0000000084200000, 0x0000000100000000)
  region size 1024K, 4 young (4096K), 4 survivors (4096K)
 Metaspace       used 17005K, committed 17408K, reserved 1114112K
  class space    used 2175K, committed 2368K, reserved 1048576K
}

Dll operation events (12 events):
Event: 0.018 Loaded shared library C:\Program Files\Java\jdk-21\bin\java.dll
Event: 0.061 Loaded shared library C:\Program Files\Java\jdk-21\bin\jsvml.dll
Event: 0.178 Loaded shared library C:\Program Files\Java\jdk-21\bin\zip.dll
Event: 0.184 Loaded shared library C:\Program Files\Java\jdk-21\bin\instrument.dll
Event: 0.190 Loaded shared library C:\Program Files\Java\jdk-21\bin\net.dll
Event: 0.194 Loaded shared library C:\Program Files\Java\jdk-21\bin\nio.dll
Event: 0.197 Loaded shared library C:\Program Files\Java\jdk-21\bin\zip.dll
Event: 0.308 Loaded shared library C:\Program Files\JetBrains\IntelliJ IDEA Community Edition 2022.3.3\bin\breakgen64.dll
Event: 0.321 Loaded shared library C:\Program Files\Java\jdk-21\bin\extnet.dll
Event: 0.326 Loaded shared library C:\Program Files\Java\jdk-21\bin\jimage.dll
Event: 2.734 Loaded shared library C:\Program Files\Java\jdk-21\bin\sunmscapi.dll
Event: 9.078 Loaded shared library C:\Program Files\Java\jdk-21\bin\verify.dll

Deoptimization events (20 events):
Event: 9.055 Thread 0x0000017f11d2b290 Uncommon trap: trap_request=0xffffffde fr.pc=0x0000017f23486bac relative=0x00000000000000ec
Event: 9.055 Thread 0x0000017f11d2b290 Uncommon trap: reason=class_check action=maybe_recompile pc=0x0000017f23486bac method=java.lang.Character.codePointAt(Ljava/lang/CharSequence;I)I @ 2 c2
Event: 9.055 Thread 0x0000017f11d2b290 DEOPT PACKING pc=0x0000017f23486bac sp=0x00000015507fdaa0
Event: 9.055 Thread 0x0000017f11d2b290 DEOPT UNPACKING pc=0x0000017f22ec7da2 sp=0x00000015507fda28 mode 2
Event: 9.055 Thread 0x0000017f11d2b290 Uncommon trap: trap_request=0xffffffde fr.pc=0x0000017f23486bac relative=0x00000000000000ec
Event: 9.055 Thread 0x0000017f11d2b290 Uncommon trap: reason=class_check action=maybe_recompile pc=0x0000017f23486bac method=java.lang.Character.codePointAt(Ljava/lang/CharSequence;I)I @ 2 c2
Event: 9.055 Thread 0x0000017f11d2b290 DEOPT PACKING pc=0x0000017f23486bac sp=0x00000015507fdaa0
Event: 9.055 Thread 0x0000017f11d2b290 DEOPT UNPACKING pc=0x0000017f22ec7da2 sp=0x00000015507fda28 mode 2
Event: 9.055 Thread 0x0000017f11d2b290 Uncommon trap: trap_request=0xffffff45 fr.pc=0x0000017f2347e8a4 relative=0x0000000000000264
Event: 9.055 Thread 0x0000017f11d2b290 Uncommon trap: reason=unstable_if action=reinterpret pc=0x0000017f2347e8a4 method=java.lang.String.startsWith(Ljava/lang/String;I)Z @ 50 c2
Event: 9.055 Thread 0x0000017f11d2b290 DEOPT PACKING pc=0x0000017f2347e8a4 sp=0x00000015507fdc50
Event: 9.055 Thread 0x0000017f11d2b290 DEOPT UNPACKING pc=0x0000017f22ec7da2 sp=0x00000015507fdbd8 mode 2
Event: 9.098 Thread 0x0000017f11d2b290 Uncommon trap: trap_request=0xffffff45 fr.pc=0x0000017f2346bdc8 relative=0x0000000000000308
Event: 9.098 Thread 0x0000017f11d2b290 Uncommon trap: reason=unstable_if action=reinterpret pc=0x0000017f2346bdc8 method=jdk.internal.org.objectweb.asm.SymbolTable.put(Ljdk/internal/org/objectweb/asm/SymbolTable$Entry;)Ljdk/internal/org/objectweb/asm/SymbolTable$Entry; @ 13 c2
Event: 9.098 Thread 0x0000017f11d2b290 DEOPT PACKING pc=0x0000017f2346bdc8 sp=0x00000015507fcc00
Event: 9.098 Thread 0x0000017f11d2b290 DEOPT UNPACKING pc=0x0000017f22ec7da2 sp=0x00000015507fcb80 mode 2
Event: 9.109 Thread 0x0000017f11d2b290 Uncommon trap: trap_request=0xffffff45 fr.pc=0x0000017f234d4cfc relative=0x00000000000017dc
Event: 9.109 Thread 0x0000017f11d2b290 Uncommon trap: reason=unstable_if action=reinterpret pc=0x0000017f234d4cfc method=jdk.internal.org.objectweb.asm.Frame.execute(IILjdk/internal/org/objectweb/asm/Symbol;Ljdk/internal/org/objectweb/asm/SymbolTable;)V @ 1 c2
Event: 9.109 Thread 0x0000017f11d2b290 DEOPT PACKING pc=0x0000017f234d4cfc sp=0x00000015507fd3a0
Event: 9.109 Thread 0x0000017f11d2b290 DEOPT UNPACKING pc=0x0000017f22ec7da2 sp=0x00000015507fd308 mode 2

Classes loaded (20 events):
Event: 9.054 Loading class jdk/internal/icu/text/NormalizerBase$NFDModeImpl
Event: 9.054 Loading class jdk/internal/icu/text/NormalizerBase$NFDModeImpl done
Event: 9.054 Loading class jdk/internal/icu/text/NormalizerBase$ModeImpl
Event: 9.054 Loading class jdk/internal/icu/text/NormalizerBase$ModeImpl done
Event: 9.111 Loading class java/util/AbstractList$ListItr
Event: 9.112 Loading class java/util/AbstractList$ListItr done
Event: 10.393 Loading class java/net/URLEncoder
Event: 10.394 Loading class java/net/URLEncoder done
Event: 10.394 Loading class java/util/BitSet
Event: 10.395 Loading class java/util/BitSet done
Event: 10.395 Loading class java/io/CharArrayWriter
Event: 10.395 Loading class java/io/CharArrayWriter done
Event: 13.284 Loading class java/util/stream/SortedOps$RefSortingSink
Event: 13.284 Loading class java/util/stream/SortedOps$RefSortingSink done
Event: 13.286 Loading class java/lang/ThreadDeath
Event: 13.286 Loading class java/lang/ThreadDeath done
Event: 13.287 Loading class sun/misc/SharedSecrets
Event: 13.287 Loading class sun/misc/SharedSecrets done
Event: 13.287 Loading class java/util/TreeMap$EntrySpliterator
Event: 13.287 Loading class java/util/TreeMap$EntrySpliterator done

Classes unloaded (0 events):
No events

Classes redefined (0 events):
No events

Internal exceptions (20 events):
Event: 2.705 Thread 0x0000017f11d2b290 Exception <a 'java/lang/NoSuchMethodError'{0x000000008b888b98}: 'int java.lang.invoke.DirectMethodHandle$Holder.invokeStatic(java.lang.Object, long)'> (0x000000008b888b98) 
thrown [s\open\src\hotspot\share\interpreter\linkResolver.cpp, line 773]
Event: 2.708 Thread 0x0000017f11d2b290 Exception <a 'java/lang/NoSuchMethodError'{0x000000008b89c508}: 'int java.lang.invoke.DirectMethodHandle$Holder.invokeSpecial(java.lang.Object, java.lang.Object, java.lang.Object, java.lang.Object)'> (0x000000008b89c508) 
thrown [s\open\src\hotspot\share\interpreter\linkResolver.cpp, line 773]
Event: 2.709 Thread 0x0000017f11d2b290 Exception <a 'java/lang/NoSuchMethodError'{0x000000008b8b0ce8}: 'java.lang.Object java.lang.invoke.DirectMethodHandle$Holder.invokeSpecial(java.lang.Object, java.lang.Object, int, java.lang.Object, java.lang.Object)'> (0x000000008b8b0ce8) 
thrown [s\open\src\hotspot\share\interpreter\linkResolver.cpp, line 773]
Event: 2.709 Thread 0x0000017f11d2b290 Exception <a 'java/lang/NoSuchMethodError'{0x000000008b8b4908}: 'java.lang.Object java.lang.invoke.DelegatingMethodHandle$Holder.delegate(java.lang.Object, int, java.lang.Object, java.lang.Object)'> (0x000000008b8b4908) 
thrown [s\open\src\hotspot\share\interpreter\linkResolver.cpp, line 773]
Event: 2.710 Thread 0x0000017f11d2b290 Exception <a 'java/lang/NoSuchMethodError'{0x000000008b8c3e78}: 'int java.lang.invoke.Invokers$Holder.linkToTargetMethod(java.lang.Object, java.lang.Object, java.lang.Object)'> (0x000000008b8c3e78) 
thrown [s\open\src\hotspot\share\interpreter\linkResolver.cpp, line 773]
Event: 2.712 Thread 0x0000017f11d2b290 Exception <a 'java/lang/NoSuchMethodError'{0x000000008b8d3050}: 'long java.lang.invoke.DirectMethodHandle$Holder.invokeSpecial(java.lang.Object, java.lang.Object)'> (0x000000008b8d3050) 
thrown [s\open\src\hotspot\share\interpreter\linkResolver.cpp, line 773]
Event: 2.775 Thread 0x0000017f11d2b290 Exception <a 'sun/nio/fs/WindowsException'{0x000000008b7cbe90}> (0x000000008b7cbe90) 
thrown [s\open\src\hotspot\share\prims\jni.cpp, line 520]
Event: 3.087 Thread 0x0000017f11d2b290 Exception <a 'java/lang/IncompatibleClassChangeError'{0x000000008b0e75a0}: Found class java.lang.Object, but interface was expected> (0x000000008b0e75a0) 
thrown [s\open\src\hotspot\share\interpreter\linkResolver.cpp, line 840]
Event: 3.099 Thread 0x0000017f11d2b290 Exception <a 'java/lang/NoSuchMethodError'{0x000000008af4d1e0}: 'java.lang.Object java.lang.invoke.DirectMethodHandle$Holder.invokeVirtual(java.lang.Object, java.lang.Object, java.lang.Object, java.lang.Object)'> (0x000000008af4d1e0) 
thrown [s\open\src\hotspot\share\interpreter\linkResolver.cpp, line 773]
Event: 3.145 Thread 0x0000017f76ca9c90 Exception <a 'java/net/ConnectException'{0x000000008ae2d278}: Connection refused: no further information> (0x000000008ae2d278) 
thrown [s\open\src\hotspot\share\prims\jni.cpp, line 539]
Event: 3.161 Thread 0x0000017f76ca9c90 Exception <a 'java/net/ConnectException'{0x000000008ae2e378}: Connection refused: no further information> (0x000000008ae2e378) 
thrown [s\open\src\hotspot\share\prims\jni.cpp, line 539]
Event: 3.192 Thread 0x0000017f76ca9c90 Exception <a 'java/net/ConnectException'{0x000000008ae2f2a0}: Connection refused: no further information> (0x000000008ae2f2a0) 
thrown [s\open\src\hotspot\share\prims\jni.cpp, line 539]
Event: 3.277 Thread 0x0000017f11d2b290 Exception <a 'java/lang/NoSuchMethodError'{0x000000008ad52200}: 'java.lang.Object java.lang.invoke.DirectMethodHandle$Holder.newInvokeSpecial(java.lang.Object, java.lang.Object, int, int)'> (0x000000008ad52200) 
thrown [s\open\src\hotspot\share\interpreter\linkResolver.cpp, line 773]
Event: 3.278 Thread 0x0000017f11d2b290 Exception <a 'java/lang/NoSuchMethodError'{0x000000008ad5c6d8}: 'void java.lang.invoke.DirectMethodHandle$Holder.invokeStatic(java.lang.Object, java.lang.Object, int)'> (0x000000008ad5c6d8) 
thrown [s\open\src\hotspot\share\interpreter\linkResolver.cpp, line 773]
Event: 3.367 Thread 0x0000017f11d2b290 Exception <a 'java/lang/NoSuchMethodError'{0x000000008aaaed50}: 'void java.lang.invoke.DirectMethodHandle$Holder.invokeStatic(java.lang.Object, java.lang.Object, java.lang.Object, java.lang.Object, java.lang.Object, java.lang.Object, java.lang.Object)'> (0x000000008aaaed50) 
thrown [s\open\src\hotspot\share\interpreter\linkResolver.cpp, line 773]
Event: 5.293 Thread 0x0000017f11d2b290 Exception <a 'java/lang/NoSuchMethodError'{0x000000008a3162d0}: 'java.lang.Object java.lang.invoke.DirectMethodHandle$Holder.invokeSpecialIFC(java.lang.Object, java.lang.Object, java.lang.Object)'> (0x000000008a3162d0) 
thrown [s\open\src\hotspot\share\interpreter\linkResolver.cpp, line 773]
Event: 5.494 Thread 0x0000017f11d2b290 Exception <a 'java/lang/ClassNotFoundException'{0x000000008a04c718}: sun/util/logging/resources/spi/loggingProvider> (0x000000008a04c718) 
thrown [s\open\src\hotspot\share\classfile\systemDictionary.cpp, line 312]
Event: 9.111 Thread 0x0000017f11d2b290 Exception <a 'java/lang/NoSuchMethodError'{0x000000008acbf2b8}: 'void java.lang.invoke.Invokers$Holder.invokeExact_MT(java.lang.Object, java.lang.Object, java.lang.Object, java.lang.Object)'> (0x000000008acbf2b8) 
thrown [s\open\src\hotspot\share\interpreter\linkResolver.cpp, line 773]
Event: 10.352 Thread 0x0000017f11d2b290 Exception <a 'java/lang/NoSuchMethodError'{0x000000008a95e7e0}: 'void java.lang.invoke.DirectMethodHandle$Holder.invokeInterface(java.lang.Object, java.lang.Object)'> (0x000000008a95e7e0) 
thrown [s\open\src\hotspot\share\interpreter\linkResolver.cpp, line 773]
Event: 13.287 Thread 0x0000017f11d2b290 Exception <a 'java/lang/ClassNotFoundException'{0x000000008a98fc38}: sun/misc/SharedSecrets> (0x000000008a98fc38) 
thrown [s\open\src\hotspot\share\classfile\systemDictionary.cpp, line 312]

ZGC Phase Switch (0 events):
No events

VM Operations (20 events):
Event: 3.289 Executing VM operation: HandshakeAllThreads (Deoptimize)
Event: 3.289 Executing VM operation: HandshakeAllThreads (Deoptimize) done
Event: 4.295 Executing VM operation: Cleanup
Event: 4.295 Executing VM operation: Cleanup done
Event: 5.187 Executing VM operation: HandshakeAllThreads (Deoptimize)
Event: 5.187 Executing VM operation: HandshakeAllThreads (Deoptimize) done
Event: 5.190 Executing VM operation: HandshakeAllThreads (Deoptimize)
Event: 5.190 Executing VM operation: HandshakeAllThreads (Deoptimize) done
Event: 5.620 Executing VM operation: G1CollectForAllocation (G1 Evacuation Pause)
Event: 5.631 Executing VM operation: G1CollectForAllocation (G1 Evacuation Pause) done
Event: 7.646 Executing VM operation: Cleanup
Event: 7.646 Executing VM operation: Cleanup done
Event: 8.912 Executing VM operation: HandshakeAllThreads (Deoptimize)
Event: 8.912 Executing VM operation: HandshakeAllThreads (Deoptimize) done
Event: 8.912 Executing VM operation: Cleanup
Event: 8.912 Executing VM operation: Cleanup done
Event: 9.926 Executing VM operation: Cleanup
Event: 9.926 Executing VM operation: Cleanup done
Event: 10.934 Executing VM operation: Cleanup
Event: 10.934 Executing VM operation: Cleanup done

Events (20 events):
Event: 0.153 Thread 0x0000017f304faba0 Thread added: 0x0000017f304faba0
Event: 0.309 Thread 0x0000017f30a02210 Thread added: 0x0000017f30a02210
Event: 0.309 Thread 0x0000017f30a7f2b0 Thread added: 0x0000017f30a7f2b0
Event: 1.237 Thread 0x0000017f76b82620 Thread added: 0x0000017f76b82620
Event: 2.612 Thread 0x0000017f76b82620 Thread exited: 0x0000017f76b82620
Event: 2.656 Thread 0x0000017f76be9df0 Thread added: 0x0000017f76be9df0
Event: 3.043 Thread 0x0000017f76da1550 Thread added: 0x0000017f76da1550
Event: 3.118 Thread 0x0000017f76c8b320 Thread added: 0x0000017f76c8b320
Event: 3.122 Thread 0x0000017f76c8bd90 Thread added: 0x0000017f76c8bd90
Event: 3.123 Thread 0x0000017f76c94470 Thread added: 0x0000017f76c94470
Event: 3.126 Thread 0x0000017f76ca9c90 Thread added: 0x0000017f76ca9c90
Event: 3.247 Thread 0x0000017f76ca3ba0 Thread added: 0x0000017f76ca3ba0
Event: 3.378 Thread 0x0000017f76ca27f0 Thread added: 0x0000017f76ca27f0
Event: 3.423 Thread 0x0000017f76ca4230 Thread added: 0x0000017f76ca4230
Event: 3.423 Thread 0x0000017f76ca2e80 Thread added: 0x0000017f76ca2e80
Event: 5.350 Thread 0x0000017f76ca3510 Thread added: 0x0000017f76ca3510
Event: 5.352 Thread 0x0000017f76ca1ad0 Thread added: 0x0000017f76ca1ad0
Event: 5.357 Thread 0x0000017f76ca48c0 Thread added: 0x0000017f76ca48c0
Event: 5.357 Thread 0x0000017f76ca2160 Thread added: 0x0000017f76ca2160
Event: 13.262 Thread 0x0000017f76ca3ba0 Thread exited: 0x0000017f76ca3ba0


Dynamic libraries:
0x00007ff6e0f10000 - 0x00007ff6e0f20000 	C:\Program Files\Java\jdk-21\bin\java.exe
0x00007ffd9b9b0000 - 0x00007ffd9bbc7000 	C:\Windows\SYSTEM32\ntdll.dll
0x00007ffd9a660000 - 0x00007ffd9a724000 	C:\Windows\System32\KERNEL32.DLL
0x00007ffd98d40000 - 0x00007ffd990ec000 	C:\Windows\System32\KERNELBASE.dll
0x00007ffd99200000 - 0x00007ffd99311000 	C:\Windows\System32\ucrtbase.dll
0x00007ffd8ecc0000 - 0x00007ffd8ecd9000 	C:\Program Files\Java\jdk-21\bin\jli.dll
0x00007ffd8ece0000 - 0x00007ffd8ecfb000 	C:\Program Files\Java\jdk-21\bin\VCRUNTIME140.dll
0x00007ffd9abe0000 - 0x00007ffd9ac92000 	C:\Windows\System32\ADVAPI32.dll
0x00007ffd9b2d0000 - 0x00007ffd9b377000 	C:\Windows\System32\msvcrt.dll
0x00007ffd9a890000 - 0x00007ffd9a93a000 	C:\Windows\System32\sechost.dll
0x00007ffd98ce0000 - 0x00007ffd98d08000 	C:\Windows\System32\bcrypt.dll
0x00007ffd9b800000 - 0x00007ffd9b915000 	C:\Windows\System32\RPCRT4.dll
0x00007ffd9b3e0000 - 0x00007ffd9b58e000 	C:\Windows\System32\USER32.dll
0x00007ffd98d10000 - 0x00007ffd98d36000 	C:\Windows\System32\win32u.dll
0x00007ffd6b790000 - 0x00007ffd6ba23000 	C:\Windows\WinSxS\amd64_microsoft.windows.common-controls_6595b64144ccf1df_6.0.22621.3672_none_2713b9d173822955\COMCTL32.dll
0x00007ffd997f0000 - 0x00007ffd99819000 	C:\Windows\System32\GDI32.dll
0x00007ffd995d0000 - 0x00007ffd996e9000 	C:\Windows\System32\gdi32full.dll
0x00007ffd990f0000 - 0x00007ffd9918a000 	C:\Windows\System32\msvcp_win.dll
0x00007ffd8fb70000 - 0x00007ffd8fb7a000 	C:\Windows\SYSTEM32\VERSION.dll
0x00007ffd9b380000 - 0x00007ffd9b3b1000 	C:\Windows\System32\IMM32.DLL
0x00007ffd96410000 - 0x00007ffd9641c000 	C:\Program Files\Java\jdk-21\bin\vcruntime140_1.dll
0x00007ffd539d0000 - 0x00007ffd53a5e000 	C:\Program Files\Java\jdk-21\bin\msvcp140.dll
0x00007ffd12f90000 - 0x00007ffd13ca5000 	C:\Program Files\Java\jdk-21\bin\server\jvm.dll
0x00007ffd9b700000 - 0x00007ffd9b771000 	C:\Windows\System32\WS2_32.dll
0x00007ffd98ba0000 - 0x00007ffd98bed000 	C:\Windows\SYSTEM32\POWRPROF.dll
0x00007ffd8ff30000 - 0x00007ffd8ff64000 	C:\Windows\SYSTEM32\WINMM.dll
0x00007ffd98b80000 - 0x00007ffd98b93000 	C:\Windows\SYSTEM32\UMPDC.dll
0x00007ffd97cd0000 - 0x00007ffd97ce8000 	C:\Windows\SYSTEM32\kernel.appcore.dll
0x00007ffd939a0000 - 0x00007ffd939aa000 	C:\Program Files\Java\jdk-21\bin\jimage.dll
0x00007ffd96540000 - 0x00007ffd96772000 	C:\Windows\SYSTEM32\DBGHELP.DLL
0x00007ffd999e0000 - 0x00007ffd99d68000 	C:\Windows\System32\combase.dll
0x00007ffd9ab00000 - 0x00007ffd9abd7000 	C:\Windows\System32\OLEAUT32.dll
0x00007ffd80d40000 - 0x00007ffd80d72000 	C:\Windows\SYSTEM32\dbgcore.DLL
0x00007ffd99320000 - 0x00007ffd9939b000 	C:\Windows\System32\bcryptPrimitives.dll
0x00007ffd8e360000 - 0x00007ffd8e36f000 	C:\Program Files\Java\jdk-21\bin\instrument.dll
0x00007ffd8eca0000 - 0x00007ffd8ecbf000 	C:\Program Files\Java\jdk-21\bin\java.dll
0x00007ffd99e00000 - 0x00007ffd9a65c000 	C:\Windows\System32\SHELL32.dll
0x00007ffd96be0000 - 0x00007ffd974d7000 	C:\Windows\SYSTEM32\windows.storage.dll
0x00007ffd96aa0000 - 0x00007ffd96bdf000 	C:\Windows\SYSTEM32\wintypes.dll
0x00007ffd9b5a0000 - 0x00007ffd9b694000 	C:\Windows\System32\SHCORE.dll
0x00007ffd9b6a0000 - 0x00007ffd9b6fe000 	C:\Windows\System32\shlwapi.dll
0x00007ffd98c10000 - 0x00007ffd98c31000 	C:\Windows\SYSTEM32\profapi.dll
0x00007ffd4ce90000 - 0x00007ffd4cf67000 	C:\Program Files\Java\jdk-21\bin\jsvml.dll
0x00007ffd8e370000 - 0x00007ffd8e388000 	C:\Program Files\Java\jdk-21\bin\zip.dll
0x00007ffd8ec00000 - 0x00007ffd8ec10000 	C:\Program Files\Java\jdk-21\bin\net.dll
0x00007ffd91b20000 - 0x00007ffd91c56000 	C:\Windows\SYSTEM32\WINHTTP.dll
0x00007ffd98140000 - 0x00007ffd981a9000 	C:\Windows\system32\mswsock.dll
0x00007ffd8e3c0000 - 0x00007ffd8e3d6000 	C:\Program Files\Java\jdk-21\bin\nio.dll
0x00007ffd8e060000 - 0x00007ffd8e07a000 	C:\Program Files\JetBrains\IntelliJ IDEA Community Edition 2022.3.3\bin\breakgen64.dll
0x00007ffd8e050000 - 0x00007ffd8e057000 	C:\Program Files\Java\jdk-21\bin\extnet.dll
0x00007ffd98360000 - 0x00007ffd9837b000 	C:\Windows\SYSTEM32\CRYPTSP.dll
0x00007ffd97c30000 - 0x00007ffd97c65000 	C:\Windows\system32\rsaenh.dll
0x00007ffd98200000 - 0x00007ffd98228000 	C:\Windows\SYSTEM32\USERENV.dll
0x00007ffd98380000 - 0x00007ffd9838c000 	C:\Windows\SYSTEM32\CRYPTBASE.dll
0x00007ffd97730000 - 0x00007ffd9775d000 	C:\Windows\SYSTEM32\IPHLPAPI.DLL
0x00007ffd9a940000 - 0x00007ffd9a949000 	C:\Windows\System32\NSI.dll
0x00007ffd97760000 - 0x00007ffd97858000 	C:\Windows\SYSTEM32\DNSAPI.dll
0x00007ffd896d0000 - 0x00007ffd896da000 	C:\Windows\System32\rasadhlp.dll
0x00007ffd896e0000 - 0x00007ffd89763000 	C:\Windows\System32\fwpuclnt.dll
0x00007ffd8e080000 - 0x00007ffd8e08e000 	C:\Program Files\Java\jdk-21\bin\sunmscapi.dll
0x00007ffd99460000 - 0x00007ffd995c7000 	C:\Windows\System32\CRYPT32.dll
0x00007ffd985a0000 - 0x00007ffd985ce000 	C:\Windows\SYSTEM32\ncrypt.dll
0x00007ffd98560000 - 0x00007ffd98597000 	C:\Windows\SYSTEM32\NTASN1.dll
0x00007ffd38860000 - 0x00007ffd38868000 	C:\Windows\system32\wshunix.dll
0x00007ffd8d590000 - 0x00007ffd8d5a0000 	C:\Program Files\Java\jdk-21\bin\verify.dll

dbghelp: loaded successfully - version: 4.0.5 - missing functions: none
symbol engine: initialized successfully - sym options: 0x614 - pdb path: .;C:\Program Files\Java\jdk-21\bin;C:\Windows\SYSTEM32;C:\Windows\WinSxS\amd64_microsoft.windows.common-controls_6595b64144ccf1df_6.0.22621.3672_none_2713b9d173822955;C:\Program Files\Java\jdk-21\bin\server;C:\Program Files\JetBrains\IntelliJ IDEA Community Edition 2022.3.3\bin

VM Arguments:
jvm_args: --enable-preview -Dorg.jetbrains.run.directory=C:\Users\sarab\OneDrive\Masaüstü\Batches\Cucumber-Project\Qoyod-test_demo_project\src\test\resources\features -javaagent:C:\Program Files\JetBrains\IntelliJ IDEA Community Edition 2022.3.3\lib\idea_rt.jar=52433:C:\Program Files\JetBrains\IntelliJ IDEA Community Edition 2022.3.3\bin -Dfile.encoding=UTF-8 -Dsun.stdout.encoding=UTF-8 -Dsun.stderr.encoding=UTF-8 
java_command: io.cucumber.core.cli.Main --plugin org.jetbrains.plugins.cucumber.java.run.CucumberJvm5SMFormatter --name ^As a user I should be able to create account$ --glue stepdefinitions C:/Users/sarab/OneDrive/Masaüstü/Batches/Cucumber-Project/Qoyod-test_demo_project/src/test/resources/features/createaccount.feature
java_class_path (initial): C:\Users\sarab\OneDrive\Masaüstü\Batches\Cucumber-Project\Qoyod-test_demo_project\target\test-classes;C:\Users\sarab\OneDrive\Masaüstü\Batches\Cucumber-Project\Qoyod-test_demo_project\target\classes;C:\Users\sarab\.m2\repository\org\seleniumhq\selenium\selenium-java\4.16.1\selenium-java-4.16.1.jar;C:\Users\sarab\.m2\repository\org\seleniumhq\selenium\selenium-api\4.16.1\selenium-api-4.16.1.jar;C:\Users\sarab\.m2\repository\org\seleniumhq\selenium\selenium-chrome-driver\4.16.1\selenium-chrome-driver-4.16.1.jar;C:\Users\sarab\.m2\repository\com\google\auto\service\auto-service-annotations\1.1.1\auto-service-annotations-1.1.1.jar;C:\Users\sarab\.m2\repository\org\seleniumhq\selenium\selenium-chromium-driver\4.16.1\selenium-chromium-driver-4.16.1.jar;C:\Users\sarab\.m2\repository\org\seleniumhq\selenium\selenium-json\4.16.1\selenium-json-4.16.1.jar;C:\Users\sarab\.m2\repository\org\seleniumhq\selenium\selenium-manager\4.16.1\selenium-manager-4.16.1.jar;C:\Users\sarab\.m2\repository\org\seleniumhq\selenium\selenium-devtools-v118\4.16.1\selenium-devtools-v118-4.16.1.jar;C:\Users\sarab\.m2\repository\org\seleniumhq\selenium\selenium-devtools-v119\4.16.1\selenium-devtools-v119-4.16.1.jar;C:\Users\sarab\.m2\repository\org\seleniumhq\selenium\selenium-devtools-v120\4.16.1\selenium-devtools-v120-4.16.1.jar;C:\Users\sarab\.m2\repository\org\seleniumhq\selenium\selenium-devtools-v85\4.16.1\selenium-devtools-v85-4.16.1.jar;C:\Users\sarab\.m2\repository\org\seleniumhq\selenium\selenium-edge-driver\4.16.1\selenium-edge-driver-4.16.1.jar;C:\Users\sarab\.m2\repository\org\seleniumhq\selenium\selenium-firefox-driver\4.16.1\selenium-firefox-driver-4.16.1.jar;C:\Users\sarab\.m2\repository\org\seleniumhq\selenium\selenium-http\4.16.1\selenium-http-4.16.1.jar;C:\Users\sarab\.m2\repository\dev\failsafe\failsafe\3.3.2\failsafe-3.3.2.jar;C:\Users\sarab\.m2\repository\org\seleniumhq\selenium\selenium-ie-driver\4.16.1\selenium-ie-driver-4.16.1.jar;C:\Users\sarab\.m2\repository\org\seleniumhq\selenium\selenium-remote-driver\4.16.1\selenium-remote-driver-4.16.1.jar;C:\Users\sarab\.m2\repository\com\google\guava\guava\32.1.2-jre\guava-32.1.2-jre.jar;C:\Users\sarab\.m2\repository\com\google\guava\failureaccess\1.0.1\failureaccess-1.0.1.jar;C:\Users\sarab\.m2\repository\com\google\guava\listenablefuture\9999.0-empty-to-avoid-conflict-with-guava\listenablefuture-9999.0-empty-to-avoid-conflict-with-guava.jar;C:\Users\sarab\.m2\repository\com\google\code\findbugs\jsr305\3.0.2\jsr305-3.0.2.jar;C:\Users\sarab\.m2\repository\org\checkerframework\checker-qual\3.33.0\checker-qual-3.33.0.jar;C:\Users\sarab\.m2\repository\com\google\errorprone\error_prone_annotations\2.18.0\error_prone_annotations-2.18.0.jar;C:\Users\sarab\.m2\repository\com\google\j2objc\j2objc-annotations\2.8\j2objc-annotations-2.8.jar;C:\Users\sarab\.m2\repository\io\opentelemetry\opentelemetry-api\1.28.0\opentelemetry-api-1.28.0.jar;C:\Users\sarab\.m2\repository\io\opentelemetry\opentelemetry-context\1.28.0\opentelemetry-context-1.28.0.jar;C:\Users\sarab\.m2\repository\io\opentelemetry\opentelemetry-exporter-logging\1.28.0\opentelemetry-exporter-logging-1.28.0.jar;C:\Users\sarab\.m2\repository\io\opentelemetry\opentelemetry-sdk-metrics\1.28.0\opentelemetry-sdk-metrics-1.28.0.jar;C:\Users\sarab\.m2\repository\io\opentelemetry\opentelemetry-extension-incubator\1.28.0-alpha\opentelemetry-extension-incubator-1.28.0-alpha.jar;C:\Users\sarab\.m2\repository\io\opentelemetry\opentelemetry-sdk-logs\1.28.0\opentelemetry-sdk-logs-1.28.0.jar;C:\Users\sarab\.m2\repository\io\opentelemetry\opentelemetry-sdk-common\1.28.0\opentelemetry-sdk-common-1.28.0.jar;C:\Users\sarab\.m2\repository\io\opentelemetry\opentelemetry-sdk-extension-autoconfigure-spi\1.28.0\opentelemetry-sdk-extension-autoconfigure-spi-1.28.0.jar;C:\Users\sarab\.m2\repository\io\opentelemetry\opentelemetry-sdk-extension-autoconfigure\1.28.0\opentelemetry-sdk-extension-autoconfigure-1.28.0.jar;C:\Users\sarab\.m2\repository\io\opentelemetry\opentelemetry-api-events\1.28.0-alpha\opentelemetry-api-events-1.28.0-alpha.jar;C:\Users\sarab\.m2\repository\io\opentelemetry\opentelemetry-sdk-trace\1.28.0\opentelemetry-sdk-trace-1.28.0.jar;C:\Users\sarab\.m2\repository\io\opentelemetry\opentelemetry-sdk\1.28.0\opentelemetry-sdk-1.28.0.jar;C:\Users\sarab\.m2\repository\io\opentelemetry\opentelemetry-semconv\1.28.0-alpha\opentelemetry-semconv-1.28.0-alpha.jar;C:\Users\sarab\.m2\repository\net\bytebuddy\byte-buddy\1.14.5\byte-buddy-1.14.5.jar;C:\Users\sarab\.m2\repository\org\seleniumhq\selenium\selenium-os\4.16.1\selenium-os-4.16.1.jar;C:\Users\sarab\.m2\repository\org\apache\commons\commons-exec\1.3\commons-exec-1.3.jar;C:\Users\sarab\.m2\repository\org\seleniumhq\selenium\selenium-safari-driver\4.16.1\selenium-safari-driver-4.16.1.jar;C:\Users\sarab\.m2\repository\org\seleniumhq\selenium\selenium-support\4.16.1\selenium-support-4.16.1.jar;C:\Users\sarab\.m2\repository\io\cucumber\cucumber-java\7.16.1\cucumber-java-7.16.1.jar;C:\Users\sarab\.m2\repository\io\cucumber\cucumber-core\7.16.1\cucumber-core-7.16.1.jar;C:\Users\sarab\.m2\repository\io\cucumber\cucumber-gherkin\7.16.1\cucumber-gherkin-7.16.1.jar;C:\Users\sarab\.m2\repository\io\cucumber\cucumber-gherkin-messages\7.16.1\cucumber-gherkin-messages-7.16.1.jar;C:\Users\sarab\.m2\repository\io\cucumber\gherkin\28.0.0\gherkin-28.0.0.jar;C:\Users\sarab\.m2\repository\io\cucumber\messages\24.1.0\messages-24.1.0.jar;C:\Users\sarab\.m2\repository\io\cucumber\tag-expressions\6.1.0\tag-expressions-6.1.0.jar;C:\Users\sarab\.m2\repository\io\cucumber\cucumber-expressions\17.1.0\cucumber-expressions-17.1.0.jar;C:\Users\sarab\.m2\repository\io\cucumber\datatable\7.16.1\datatable-7.16.1.jar;C:\Users\sarab\.m2\repository\io\cucumber\cucumber-plugin\7.16.1\cucumber-plugin-7.16.1.jar;C:\Users\sarab\.m2\repository\io\cucumber\docstring\7.16.1\docstring-7.16.1.jar;C:\Users\sarab\.m2\repository\io\cucumber\html-formatter\21.3.0\html-formatter-21.3.0.jar;C:\Users\sarab\.m2\repository\io\cucumber\junit-xml-formatter\0.3.0\junit-xml-formatter-0.3.0.jar;C:\Users\sarab\.m2\repository\io\cucumber\ci-environment\10.0.1\ci-environment-10.0.1.jar;C:\Users\sarab\.m2\repository\org\apiguardian\apiguardian-api\1.1.2\apiguardian-api-1.1.2.jar;C:\Users\sarab\.m2\repository\io\cucumber\cucumber-junit\7.16.1\cucumber-junit-7.16.1.jar;C:\Users\sarab\.m2\repository\junit\junit\4.13.2\junit-4.13.2.jar;C:\Users\sarab\.m2\repository\org\hamcrest\hamcrest-core\1.3\hamcrest-core-1.3.jar;C:\Users\sarab\.m2\repository\org\projectlombok\lombok\1.18.30\lombok-1.18.30.jar;C:\Users\sarab\.m2\repository\com\github\javafaker\javafaker\1.0.2\javafaker-1.0.2.jar;C:\Users\sarab\.m2\repository\org\apache\commons\commons-lang3\3.5\commons-lang3-3.5.jar;C:\Users\sarab\.m2\repository\org\yaml\snakeyaml\1.23\snakeyaml-1.23-android.jar;C:\Users\sarab\.m2\repository\com\github\mifmif\generex\1.0.2\generex-1.0.2.jar;C:\Users\sarab\.m2\repository\dk\brics\automaton\automaton\1.11-8\automaton-1.11-8.jar;C:\Users\sarab\.m2\repository\net\masterthought\cucumber-reporting\5.7.5\cucumber-reporting-5.7.5.jar;C:\Users\sarab\.m2\repository\com\fasterxml\jackson\core\jackson-databind\2.13.2.2\jackson-databind-2.13.2.2.jar;C:\Users\sarab\.m2\repository\com\fasterxml\jackson\core\jackson-annotations\2.13.2\jackson-annotations-2.13.2.jar;C:\Users\sarab\.m2\repository\com\fasterxml\jackson\core\jackson-core\2.13.2\jackson-core-2.13.2.jar;C:\Users\sarab\.m2\repository\com\fasterxml\jackson\datatype\jackson-datatype-jsr310\2.13.2\jackson-datatype-jsr310-2.13.2.jar;C:\Users\sarab\.m2\repository\org\apache\velocity\velocity-engine-core\2.3\velocity-engine-core-2.3.jar;C:\Users\sarab\.m2\repository\org\slf4j\slf4j-api\1.7.30\slf4j-api-1.7.30.jar;C:\Users\sarab\.m2\repository\org\apache\commons\commons-collections4\4.4\commons-collections4-4.4.jar;C:\Users\sarab\.m2\repository\joda-time\joda-time\2.12.2\joda-time-2.12.2.jar;C:\Users\sarab\.m2\repository\commons-io\commons-io\2.7\commons-io-2.7.jar;C:\Users\sarab\.m2\repository\org\codehaus\plexus\plexus-utils\3.5.0\plexus-utils-3.5.0.jar;C:\Users\sarab\.m2\repository\org\jsoup\jsoup\1.15.4\jsoup-1.15.4.jar;C:\Users\sarab\.m2\repository\com\googlecode\owasp-java-html-sanitizer\owasp-java-html-sanitizer\20220608.1\owasp-java-html-sanitizer-20220608.1.jar;C:\Users\sarab\.m2\repository\commons-configuration\commons-configuration\1.10\commons-configuration-1.10.jar;C:\Users\sarab\.m2\repository\commons-lang\commons-lang\2.6\commons-lang-2.6.jar;C:\Users\sarab\.m2\repository\commons-logging\commons-logging\1.1.1\commons-logging-1.1.1.jar;C:\Users\sarab\.m2\repository\org\apache\maven\plugins\maven-surefire-plugin\3.2.5\maven-surefire-plugin-3.2.5.jar;C:\Users\sarab\.m2\repository\org\apache\maven\surefire\maven-surefire-common\3.2.5\maven-surefire-common-3.2.5.jar;C:\Users\sarab\.m2\repository\org\apache\maven\surefire\surefire-api\3.2.5\surefire-api-3.2.5.jar;C:\Users\sarab\.m2\repository\org\apache\maven\surefire\surefire-logger-api\3.2.5\surefire-logger-api-3.2.5.jar;C:\Users\sarab\.m2\repository\org\apache\maven\surefire\surefire-extensions-api\3.2.5\surefire-extensions-api-3.2.5.jar;C:\Users\sarab\.m2\repository\org\apache\maven\surefire\surefire-booter\3.2.5\surefire-booter-3.2.5.jar;C:\Users\sarab\.m2\repository\org\apache\maven\surefire\surefire-extensions-spi\3.2.5\surefire-extensions-spi-3.2.5.jar;C:\Users\sarab\.m2\repository\org\eclipse\aether\aether-util\1.0.0.v20140518\aether-util-1.0.0.v20140518.jar;C:\Users\sarab\.m2\repository\org\eclipse\aether\aether-api\1.0.0.v20140518\aether-api-1.0.0.v20140518.jar;C:\Users\sarab\.m2\repository\org\apache\maven\shared\maven-common-artifact-filters\3.1.1\maven-common-artifact-filters-3.1.1.jar;C:\Users\sarab\.m2\repository\org\apache\maven\maven-artifact\3.1.0\maven-artifact-3.1.0.jar;C:\Users\sarab\.m2\repository\org\apache\maven\maven-core\3.1.0\maven-core-3.1.0.jar;C:\Users\sarab\.m2\repository\org\apache\maven\maven-settings\3.1.0\maven-settings-3.1.0.jar;C:\Users\sarab\.m2\repository\org\apache\maven\maven-settings-builder\3.1.0\maven-settings-builder-3.1.0.jar;C:\Users\sarab\.m2\repository\org\apache\maven\maven-repository-metadata\3.1.0\maven-repository-metadata-3.1.0.jar;C:\Users\sarab\.m2\repository\org\apache\maven\maven-model-builder\3.1.0\maven-model-builder-3.1.0.jar;C:\Users\sarab\.m2\repository\org\apache\maven\maven-aether-provider\3.1.0\maven-aether-provider-3.1.0.jar;C:\Users\sarab\.m2\repository\org\eclipse\aether\aether-spi\0.9.0.M2\aether-spi-0.9.0.M2.jar;C:\Users\sarab\.m2\repository\org\eclipse\aether\aether-impl\0.9.0.M2\aether-impl-0.9.0.M2.jar;C:\Users\sarab\.m2\repository\org\eclipse\sisu\org.eclipse.sisu.plexus\0.0.0.M2a\org.eclipse.sisu.plexus-0.0.0.M2a.jar;C:\Users\sarab\.m2\repository\javax\enterprise\cdi-api\1.0\cdi-api-1.0.jar;C:\Users\sarab\.m2\repository\javax\annotation\jsr250-api\1.0\jsr250-api-1.0.jar;C:\Users\sarab\.m2\repository\javax\inject\javax.inject\1\javax.inject-1.jar;C:\Users\sarab\.m2\repository\org\sonatype\sisu\sisu-guice\3.1.0\sisu-guice-3.1.0-no_aop.jar;C:\Users\sarab\.m2\repository\aopalliance\aopalliance\1.0\aopalliance-1.0.jar;C:\Users\sarab\.m2\repository\org\eclipse\sisu\org.eclipse.sisu.inject\0.0.0.M2a\org.eclipse.sisu.inject-0.0.0.M2a.jar;C:\Users\sarab\.m2\repository\asm\asm\3.3.1\asm-3.3.1.jar;C:\Users\sarab\.m2\repository\org\codehaus\plexus\plexus-interpolation\1.16\plexus-interpolation-1.16.jar;C:\Users\sarab\.m2\repository\org\codehaus\plexus\plexus-classworlds\2.4.2\plexus-classworlds-2.4.2.jar;C:\Users\sarab\.m2\repository\org\codehaus\plexus\plexus-component-annotations\1.5.5\plexus-component-annotations-1.5.5.jar;C:\Users\sarab\.m2\repository\org\sonatype\plexus\plexus-sec-dispatcher\1.3\plexus-sec-dispatcher-1.3.jar;C:\Users\sarab\.m2\repository\org\sonatype\plexus\plexus-cipher\1.4\plexus-cipher-1.4.jar;C:\Users\sarab\.m2\repository\org\apache\maven\maven-plugin-api\3.1.0\maven-plugin-api-3.1.0.jar;C:\Users\sarab\.m2\repository\org\codehaus\plexus\plexus-java\1.2.0\plexus-java-1.2.0.jar;C:\Users\sarab\.m2\repository\org\ow2\asm\asm\9.6\asm-9.6.jar;C:\Users\sarab\.m2\repository\com\thoughtworks\qdox\qdox\2.0.3\qdox-2.0.3.jar;C:\Users\sarab\.m2\repository\org\apache\maven\surefire\surefire-shared-utils\3.2.5\surefire-shared-utils-3.2.5.jar;C:\Program Files\JetBrains\IntelliJ IDEA Community Edition 2022.3.3\plugins\junit\lib\junit-rt.jar;C:\Users\sarab\AppData\Roaming\JetBrains\IdeaIC2024.1\plugins\cucumber-java\lib\cucumber-jvmFormatter.jar;C:\Users\sarab\AppData\Roaming\JetBrains\IdeaIC2024.1\plugins\cucumber-java\lib\cucumber-jvmFormatter5.jar;C:\Users\sarab\AppData\Roaming\JetBrains\IdeaIC2024.1\plugins\cucumber-java\lib\cucumber-jvmFormatter4.jar;C:\Users\sarab\AppData\Roaming\JetBrains\IdeaIC2024.1\plugins\cucumber-java\lib\cucumber-jvmFormatter3.jar
Launcher Type: SUN_STANDARD

[Global flags]
     intx CICompilerCount                          = 4                                         {product} {ergonomic}
     uint ConcGCThreads                            = 2                                         {product} {ergonomic}
     uint G1ConcRefinementThreads                  = 8                                         {product} {ergonomic}
   size_t G1HeapRegionSize                         = 1048576                                   {product} {ergonomic}
    uintx GCDrainStackTargetSize                   = 64                                        {product} {ergonomic}
   size_t InitialHeapSize                          = 130023424                                 {product} {ergonomic}
   size_t MarkStackSize                            = 4194304                                   {product} {ergonomic}
   size_t MaxHeapSize                              = 2078277632                                {product} {ergonomic}
   size_t MaxNewSize                               = 1246756864                                {product} {ergonomic}
   size_t MinHeapDeltaBytes                        = 1048576                                   {product} {ergonomic}
   size_t MinHeapSize                              = 8388608                                   {product} {ergonomic}
    uintx NonNMethodCodeHeapSize                   = 5839372                                {pd product} {ergonomic}
    uintx NonProfiledCodeHeapSize                  = 122909434                              {pd product} {ergonomic}
    uintx ProfiledCodeHeapSize                     = 122909434                              {pd product} {ergonomic}
    uintx ReservedCodeCacheSize                    = 251658240                              {pd product} {ergonomic}
     bool SegmentedCodeCache                       = true                                      {product} {ergonomic}
   size_t SoftMaxHeapSize                          = 2078277632                             {manageable} {ergonomic}
     bool UseCompressedOops                        = true                           {product lp64_product} {ergonomic}
     bool UseG1GC                                  = true                                      {product} {ergonomic}
     bool UseLargePagesIndividualAllocation        = false                                  {pd product} {ergonomic}

Logging:
Log output configuration:
 #0: stdout all=warning uptime,level,tags foldmultilines=false
 #1: stderr all=off uptime,level,tags foldmultilines=false

Environment Variables:
PATH=C:\Python312\Scripts\;C:\Python312\;C:\Program Files\Common Files\Oracle\Java\javapath;C:\Windows\system32;C:\Windows;C:\Windows\System32\Wbem;C:\Windows\System32\WindowsPowerShell\v1.0\;C:\Windows\System32\OpenSSH\;C:\Program Files\dotnet\;C:\Program Files\Git\cmd;C:\Program Files\nodejs\;C:\ProgramData\chocolatey\bin;;C:\Program Files\Amazon\AWSCLIV2\;"C:\Users\sarab\AppData\Local\Microsoft\WindowsApps;C:\Python312;C:\Python312\Scripts;";C:\Users\sarab\AppData\Roaming\npm;
USERNAME=sarab
OS=Windows_NT
PROCESSOR_IDENTIFIER=Intel64 Family 6 Model 140 Stepping 1, GenuineIntel
TMP=C:\Users\sarab\AppData\Local\Temp
TEMP=C:\Users\sarab\AppData\Local\Temp




Periodic native trim disabled

---------------  S Y S T E M  ---------------

OS:
 Windows 11 , 64 bit Build 22621 (10.0.22621.3672)
OS uptime: 21 days 19:30 hours
Hyper-V role detected

CPU: total 8 (initial active 8) (4 cores per cpu, 2 threads per core) family 6 model 140 stepping 1 microcode 0xb4, cx8, cmov, fxsr, ht, mmx, 3dnowpref, sse, sse2, sse3, ssse3, sse4.1, sse4.2, popcnt, lzcnt, tsc, tscinvbit, avx, avx2, aes, erms, clmul, bmi1, bmi2, adx, avx512f, avx512dq, avx512cd, avx512bw, avx512vl, sha, fma, vzeroupper, avx512_vpopcntdq, avx512_vpclmulqdq, avx512_vaes, avx512_vnni, clflush, clflushopt, clwb, avx512_vbmi2, avx512_vbmi, hv, rdtscp, rdpid, fsrm, gfni, avx512_bitalg, f16c, cet_ibt, cet_ss, avx512_ifma
Processor Information for all 8 processors :
  Max Mhz: 2419, Current Mhz: 2419, Mhz Limit: 2419

Memory: 4k page, system-wide physical 7926M (223M free)
TotalPageFile size 32502M (AvailPageFile size 0M)
current process WorkingSet (physical memory assigned to process): 120M, peak: 131M
current process commit charge ("private bytes"): 246M, peak: 255M

vm_info: Java HotSpot(TM) 64-Bit Server VM (21.0.1+12-LTS-29) for windows-amd64 JRE (21.0.1+12-LTS-29), built on 2023-10-05T13:27:09Z by "mach5one" with MS VC++ 17.1 (VS2022)

END.
